2025-02-27T14:59:04.142+05:30  INFO 8612 --- [EmployeePayrollApplication] [restartedMain] c.b.e.EmployeePayrollAppApplication      : Starting EmployeePayrollAppApplication using Java 21.0.1 with PID 8612 (D:\Capgemini\employeepayrollapp\target\classes started by AYUSHMAAN TIWARI in D:\Capgemini\employeepayrollapp)
2025-02-27T14:59:04.144+05:30  INFO 8612 --- [EmployeePayrollApplication] [restartedMain] c.b.e.EmployeePayrollAppApplication      : The following 1 profile is active: "prod"
2025-02-27T14:59:04.197+05:30  INFO 8612 --- [EmployeePayrollApplication] [restartedMain] .e.DevToolsPropertyDefaultsPostProcessor : Devtools property defaults active! Set 'spring.devtools.add-properties' to 'false' to disable
2025-02-27T14:59:04.197+05:30  INFO 8612 --- [EmployeePayrollApplication] [restartedMain] .e.DevToolsPropertyDefaultsPostProcessor : For additional web related logging consider setting the 'logging.level.web' property to 'DEBUG'
2025-02-27T14:59:05.018+05:30  INFO 8612 --- [EmployeePayrollApplication] [restartedMain] .s.d.r.c.RepositoryConfigurationDelegate : Bootstrapping Spring Data JPA repositories in DEFAULT mode.
2025-02-27T14:59:05.044+05:30  INFO 8612 --- [EmployeePayrollApplication] [restartedMain] .s.d.r.c.RepositoryConfigurationDelegate : Finished Spring Data repository scanning in 16 ms. Found 0 JPA repository interfaces.
2025-02-27T14:59:05.690+05:30  INFO 8612 --- [EmployeePayrollApplication] [restartedMain] o.s.b.w.embedded.tomcat.TomcatWebServer  : Tomcat initialized with port 8080 (http)
2025-02-27T14:59:05.707+05:30  INFO 8612 --- [EmployeePayrollApplication] [restartedMain] o.apache.catalina.core.StandardService   : Starting service [Tomcat]
2025-02-27T14:59:05.707+05:30  INFO 8612 --- [EmployeePayrollApplication] [restartedMain] o.apache.catalina.core.StandardEngine    : Starting Servlet engine: [Apache Tomcat/10.1.36]
2025-02-27T14:59:05.752+05:30  INFO 8612 --- [EmployeePayrollApplication] [restartedMain] o.a.c.c.C.[Tomcat].[localhost].[/]       : Initializing Spring embedded WebApplicationContext
2025-02-27T14:59:05.752+05:30  INFO 8612 --- [EmployeePayrollApplication] [restartedMain] w.s.c.ServletWebServerApplicationContext : Root WebApplicationContext: initialization completed in 1553 ms
2025-02-27T14:59:05.916+05:30  INFO 8612 --- [EmployeePayrollApplication] [restartedMain] o.hibernate.jpa.internal.util.LogHelper  : HHH000204: Processing PersistenceUnitInfo [name: default]
2025-02-27T14:59:05.977+05:30  INFO 8612 --- [EmployeePayrollApplication] [restartedMain] org.hibernate.Version                    : HHH000412: Hibernate ORM core version 6.6.8.Final
2025-02-27T14:59:06.010+05:30  INFO 8612 --- [EmployeePayrollApplication] [restartedMain] o.h.c.internal.RegionFactoryInitiator    : HHH000026: Second-level cache disabled
2025-02-27T14:59:06.290+05:30  INFO 8612 --- [EmployeePayrollApplication] [restartedMain] o.s.o.j.p.SpringPersistenceUnitInfo      : No LoadTimeWeaver setup: ignoring JPA class transformer
2025-02-27T14:59:06.322+05:30  INFO 8612 --- [EmployeePayrollApplication] [restartedMain] com.zaxxer.hikari.HikariDataSource       : HikariPool-1 - Starting...
2025-02-27T14:59:06.436+05:30  INFO 8612 --- [EmployeePayrollApplication] [restartedMain] com.zaxxer.hikari.pool.HikariPool        : HikariPool-1 - Added connection org.mariadb.jdbc.Connection@171ce40f
2025-02-27T14:59:06.438+05:30  INFO 8612 --- [EmployeePayrollApplication] [restartedMain] com.zaxxer.hikari.HikariDataSource       : HikariPool-1 - Start completed.
2025-02-27T14:59:06.460+05:30  WARN 8612 --- [EmployeePayrollApplication] [restartedMain] org.hibernate.orm.deprecation            : HHH90000025: MySQL8Dialect does not need to be specified explicitly using 'hibernate.dialect' (remove the property setting and it will be selected by default)
2025-02-27T14:59:06.461+05:30  WARN 8612 --- [EmployeePayrollApplication] [restartedMain] org.hibernate.orm.deprecation            : HHH90000026: MySQL8Dialect has been deprecated; use org.hibernate.dialect.MySQLDialect instead
2025-02-27T14:59:06.477+05:30  INFO 8612 --- [EmployeePayrollApplication] [restartedMain] org.hibernate.orm.connections.pooling    : HHH10001005: Database info:
	Database JDBC URL [Connecting through datasource 'HikariDataSource (HikariPool-1)']
	Database driver: undefined/unknown
	Database version: 8.0
	Autocommit mode: undefined/unknown
	Isolation level: undefined/unknown
	Minimum pool size: undefined/unknown
	Maximum pool size: undefined/unknown
2025-02-27T14:59:07.208+05:30  INFO 8612 --- [EmployeePayrollApplication] [restartedMain] o.h.e.t.j.p.i.JtaPlatformInitiator       : HHH000489: No JTA platform available (set 'hibernate.transaction.jta.platform' to enable JTA platform integration)
2025-02-27T14:59:07.237+05:30  INFO 8612 --- [EmployeePayrollApplication] [restartedMain] j.LocalContainerEntityManagerFactoryBean : Initialized JPA EntityManagerFactory for persistence unit 'default'
2025-02-27T14:59:07.307+05:30  WARN 8612 --- [EmployeePayrollApplication] [restartedMain] JpaBaseConfiguration$JpaWebConfiguration : spring.jpa.open-in-view is enabled by default. Therefore, database queries may be performed during view rendering. Explicitly configure spring.jpa.open-in-view to disable this warning
2025-02-27T14:59:07.600+05:30  WARN 8612 --- [EmployeePayrollApplication] [restartedMain] ion$DefaultTemplateResolverConfiguration : Cannot find template location: classpath:/templates/ (please add some templates, check your Thymeleaf configuration, or set spring.thymeleaf.check-template-location=false)
2025-02-27T14:59:07.776+05:30  INFO 8612 --- [EmployeePayrollApplication] [restartedMain] o.s.b.d.a.OptionalLiveReloadServer       : LiveReload server is running on port 35729
2025-02-27T14:59:07.827+05:30  INFO 8612 --- [EmployeePayrollApplication] [restartedMain] o.s.b.w.embedded.tomcat.TomcatWebServer  : Tomcat started on port 8080 (http) with context path '/'
2025-02-27T14:59:07.840+05:30  INFO 8612 --- [EmployeePayrollApplication] [restartedMain] c.b.e.EmployeePayrollAppApplication      : Started EmployeePayrollAppApplication in 4.207 seconds (process running for 4.691)
2025-02-27T14:59:20.758+05:30  INFO 8612 --- [EmployeePayrollApplication] [SpringApplicationShutdownHook] o.s.b.w.e.tomcat.GracefulShutdown        : Commencing graceful shutdown. Waiting for active requests to complete
2025-02-27T14:59:20.766+05:30  INFO 8612 --- [EmployeePayrollApplication] [tomcat-shutdown] o.s.b.w.e.tomcat.GracefulShutdown        : Graceful shutdown complete
2025-02-27T14:59:20.771+05:30  INFO 8612 --- [EmployeePayrollApplication] [SpringApplicationShutdownHook] j.LocalContainerEntityManagerFactoryBean : Closing JPA EntityManagerFactory for persistence unit 'default'
2025-02-27T14:59:20.774+05:30  INFO 8612 --- [EmployeePayrollApplication] [SpringApplicationShutdownHook] com.zaxxer.hikari.HikariDataSource       : HikariPool-1 - Shutdown initiated...
2025-02-27T14:59:20.777+05:30  INFO 8612 --- [EmployeePayrollApplication] [SpringApplicationShutdownHook] com.zaxxer.hikari.HikariDataSource       : HikariPool-1 - Shutdown completed.
2025-02-27T15:00:43.976+05:30  INFO 15388 --- [EmployeePayrollApplication] [restartedMain] c.b.e.EmployeePayrollAppApplication      : Starting EmployeePayrollAppApplication using Java 21.0.1 with PID 15388 (D:\Capgemini\employeepayrollapp\target\classes started by AYUSHMAAN TIWARI in D:\Capgemini\employeepayrollapp)
2025-02-27T15:00:43.979+05:30  INFO 15388 --- [EmployeePayrollApplication] [restartedMain] c.b.e.EmployeePayrollAppApplication      : The following 1 profile is active: "prod"
2025-02-27T15:00:44.026+05:30  INFO 15388 --- [EmployeePayrollApplication] [restartedMain] .e.DevToolsPropertyDefaultsPostProcessor : Devtools property defaults active! Set 'spring.devtools.add-properties' to 'false' to disable
2025-02-27T15:00:44.026+05:30  INFO 15388 --- [EmployeePayrollApplication] [restartedMain] .e.DevToolsPropertyDefaultsPostProcessor : For additional web related logging consider setting the 'logging.level.web' property to 'DEBUG'
2025-02-27T15:00:44.723+05:30  INFO 15388 --- [EmployeePayrollApplication] [restartedMain] .s.d.r.c.RepositoryConfigurationDelegate : Bootstrapping Spring Data JPA repositories in DEFAULT mode.
2025-02-27T15:00:44.751+05:30  INFO 15388 --- [EmployeePayrollApplication] [restartedMain] .s.d.r.c.RepositoryConfigurationDelegate : Finished Spring Data repository scanning in 15 ms. Found 0 JPA repository interfaces.
2025-02-27T15:00:45.346+05:30  INFO 15388 --- [EmployeePayrollApplication] [restartedMain] o.s.b.w.embedded.tomcat.TomcatWebServer  : Tomcat initialized with port 8080 (http)
2025-02-27T15:00:45.363+05:30  INFO 15388 --- [EmployeePayrollApplication] [restartedMain] o.apache.catalina.core.StandardService   : Starting service [Tomcat]
2025-02-27T15:00:45.363+05:30  INFO 15388 --- [EmployeePayrollApplication] [restartedMain] o.apache.catalina.core.StandardEngine    : Starting Servlet engine: [Apache Tomcat/10.1.36]
2025-02-27T15:00:45.405+05:30  INFO 15388 --- [EmployeePayrollApplication] [restartedMain] o.a.c.c.C.[Tomcat].[localhost].[/]       : Initializing Spring embedded WebApplicationContext
2025-02-27T15:00:45.405+05:30  INFO 15388 --- [EmployeePayrollApplication] [restartedMain] w.s.c.ServletWebServerApplicationContext : Root WebApplicationContext: initialization completed in 1377 ms
2025-02-27T15:00:45.573+05:30  INFO 15388 --- [EmployeePayrollApplication] [restartedMain] o.hibernate.jpa.internal.util.LogHelper  : HHH000204: Processing PersistenceUnitInfo [name: default]
2025-02-27T15:00:45.634+05:30  INFO 15388 --- [EmployeePayrollApplication] [restartedMain] org.hibernate.Version                    : HHH000412: Hibernate ORM core version 6.6.8.Final
2025-02-27T15:00:45.669+05:30  INFO 15388 --- [EmployeePayrollApplication] [restartedMain] o.h.c.internal.RegionFactoryInitiator    : HHH000026: Second-level cache disabled
2025-02-27T15:00:45.916+05:30  INFO 15388 --- [EmployeePayrollApplication] [restartedMain] o.s.o.j.p.SpringPersistenceUnitInfo      : No LoadTimeWeaver setup: ignoring JPA class transformer
2025-02-27T15:00:45.943+05:30  INFO 15388 --- [EmployeePayrollApplication] [restartedMain] com.zaxxer.hikari.HikariDataSource       : HikariPool-1 - Starting...
2025-02-27T15:00:46.050+05:30  INFO 15388 --- [EmployeePayrollApplication] [restartedMain] com.zaxxer.hikari.pool.HikariPool        : HikariPool-1 - Added connection org.mariadb.jdbc.Connection@1655b08b
2025-02-27T15:00:46.052+05:30  INFO 15388 --- [EmployeePayrollApplication] [restartedMain] com.zaxxer.hikari.HikariDataSource       : HikariPool-1 - Start completed.
2025-02-27T15:00:46.081+05:30  WARN 15388 --- [EmployeePayrollApplication] [restartedMain] org.hibernate.orm.deprecation            : HHH90000025: MySQL8Dialect does not need to be specified explicitly using 'hibernate.dialect' (remove the property setting and it will be selected by default)
2025-02-27T15:00:46.082+05:30  WARN 15388 --- [EmployeePayrollApplication] [restartedMain] org.hibernate.orm.deprecation            : HHH90000026: MySQL8Dialect has been deprecated; use org.hibernate.dialect.MySQLDialect instead
2025-02-27T15:00:46.101+05:30  INFO 15388 --- [EmployeePayrollApplication] [restartedMain] org.hibernate.orm.connections.pooling    : HHH10001005: Database info:
	Database JDBC URL [Connecting through datasource 'HikariDataSource (HikariPool-1)']
	Database driver: undefined/unknown
	Database version: 8.0
	Autocommit mode: undefined/unknown
	Isolation level: undefined/unknown
	Minimum pool size: undefined/unknown
	Maximum pool size: undefined/unknown
2025-02-27T15:00:46.752+05:30  INFO 15388 --- [EmployeePayrollApplication] [restartedMain] o.h.e.t.j.p.i.JtaPlatformInitiator       : HHH000489: No JTA platform available (set 'hibernate.transaction.jta.platform' to enable JTA platform integration)
2025-02-27T15:00:46.778+05:30  INFO 15388 --- [EmployeePayrollApplication] [restartedMain] j.LocalContainerEntityManagerFactoryBean : Initialized JPA EntityManagerFactory for persistence unit 'default'
2025-02-27T15:00:46.857+05:30  WARN 15388 --- [EmployeePayrollApplication] [restartedMain] JpaBaseConfiguration$JpaWebConfiguration : spring.jpa.open-in-view is enabled by default. Therefore, database queries may be performed during view rendering. Explicitly configure spring.jpa.open-in-view to disable this warning
2025-02-27T15:00:47.146+05:30  WARN 15388 --- [EmployeePayrollApplication] [restartedMain] ion$DefaultTemplateResolverConfiguration : Cannot find template location: classpath:/templates/ (please add some templates, check your Thymeleaf configuration, or set spring.thymeleaf.check-template-location=false)
2025-02-27T15:00:47.287+05:30  INFO 15388 --- [EmployeePayrollApplication] [restartedMain] o.s.b.d.a.OptionalLiveReloadServer       : LiveReload server is running on port 35729
2025-02-27T15:00:47.340+05:30  INFO 15388 --- [EmployeePayrollApplication] [restartedMain] o.s.b.w.embedded.tomcat.TomcatWebServer  : Tomcat started on port 8080 (http) with context path '/'
2025-02-27T15:00:47.350+05:30  INFO 15388 --- [EmployeePayrollApplication] [restartedMain] c.b.e.EmployeePayrollAppApplication      : Started EmployeePayrollAppApplication in 3.83 seconds (process running for 4.391)
